Using pre-set license
Built from '2022.3/staging' branch; Version is '2022.3.17f1 (4fc78088f837) revision 5228416'; Using compiler version '192829333'; Build Type 'Release'
OS: 'Windows 11  (10.0.22631) 64bit Professional' Language: 'tr' Physical Memory: 7979 MB
BatchMode: 1, IsHumanControllingUs: 0, StartBugReporterOnCrash: 0, Is64bit: 1, IsPro: 1

COMMAND LINE ARGUMENTS:
C:\Program Files\Unity\Hub\Editor\2022.3.17f1\Editor\Unity.exe
-adb2
-batchMode
-noUpm
-name
AssetImportWorker2
-projectPath
C:/Users/Haldun Altuntop/HBF/Mendel/Mendel
-logFile
Logs/AssetImportWorker2.log
-srvPort
53653
Successfully changed project path to: C:/Users/Haldun Altuntop/HBF/Mendel/Mendel
C:/Users/Haldun Altuntop/HBF/Mendel/Mendel
[UnityMemory] Configuration Parameters - Can be set up in boot.config
    "memorysetup-bucket-allocator-granularity=16"
    "memorysetup-bucket-allocator-bucket-count=8"
    "memorysetup-bucket-allocator-block-size=33554432"
    "memorysetup-bucket-allocator-block-count=8"
    "memorysetup-main-allocator-block-size=16777216"
    "memorysetup-thread-allocator-block-size=16777216"
    "memorysetup-gfx-main-allocator-block-size=16777216"
    "memorysetup-gfx-thread-allocator-block-size=16777216"
    "memorysetup-cache-allocator-block-size=4194304"
    "memorysetup-typetree-allocator-block-size=2097152"
    "memorysetup-profiler-bucket-allocator-granularity=16"
    "memorysetup-profiler-bucket-allocator-bucket-count=8"
    "memorysetup-profiler-bucket-allocator-block-size=33554432"
    "memorysetup-profiler-bucket-allocator-block-count=8"
    "memorysetup-profiler-allocator-block-size=16777216"
    "memorysetup-profiler-editor-allocator-block-size=1048576"
    "memorysetup-temp-allocator-size-main=16777216"
    "memorysetup-job-temp-allocator-block-size=2097152"
    "memorysetup-job-temp-allocator-block-size-background=1048576"
    "memorysetup-job-temp-allocator-reduction-small-platforms=262144"
    "memorysetup-allocator-temp-initial-block-size-main=262144"
    "memorysetup-allocator-temp-initial-block-size-worker=262144"
    "memorysetup-temp-allocator-size-background-worker=32768"
    "memorysetup-temp-allocator-size-job-worker=262144"
    "memorysetup-temp-allocator-size-preload-manager=33554432"
    "memorysetup-temp-allocator-size-nav-mesh-worker=65536"
    "memorysetup-temp-allocator-size-audio-worker=65536"
    "memorysetup-temp-allocator-size-cloud-worker=32768"
    "memorysetup-temp-allocator-size-gi-baking-worker=262144"
    "memorysetup-temp-allocator-size-gfx=262144"
Player connection [9692] Host "[IP] 172.20.10.13 [Port] 0 [Flags] 2 [Guid] 1664236527 [EditorId] 1664236527 [Version] 1048832 [Id] WindowsEditor(7,DESKTOP-SJPAVJ4) [Debug] 1 [PackageName] WindowsEditor [ProjectName] Editor" joined multi-casting on [225.0.0.222:54997]...

Player connection [9692] Host "[IP] 172.20.10.13 [Port] 0 [Flags] 2 [Guid] 1664236527 [EditorId] 1664236527 [Version] 1048832 [Id] WindowsEditor(7,DESKTOP-SJPAVJ4) [Debug] 1 [PackageName] WindowsEditor [ProjectName] Editor" joined alternative multi-casting on [225.0.0.222:34997]...

[Physics::Module] Initialized MultithreadedJobDispatcher with 11 workers.
Refreshing native plugins compatible for Editor in 37.27 ms, found 4 plugins.
Preloading 0 native plugins for Editor in 0.00 ms.
Initialize engine version: 2022.3.17f1 (4fc78088f837)
[Subsystems] Discovering subsystems at path C:/Program Files/Unity/Hub/Editor/2022.3.17f1/Editor/Data/Resources/UnitySubsystems
[Subsystems] Discovering subsystems at path C:/Users/Haldun Altuntop/HBF/Mendel/Mendel/Assets
GfxDevice: creating device client; threaded=0; jobified=0
Direct3D:
    Version:  Direct3D 11.0 [level 11.1]
    Renderer: Intel(R) UHD Graphics 730 (ID=0x4c8b)
    Vendor:   Intel
    VRAM:     3989 MB
    Driver:   31.0.101.5186
Initialize mono
Mono path[0] = 'C:/Program Files/Unity/Hub/Editor/2022.3.17f1/Editor/Data/Managed'
Mono path[1] = 'C:/Program Files/Unity/Hub/Editor/2022.3.17f1/Editor/Data/MonoBleedingEdge/lib/mono/unityjit-win32'
Mono config path = 'C:/Program Files/Unity/Hub/Editor/2022.3.17f1/Editor/Data/MonoBleedingEdge/etc'
Using monoOptions --debugger-agent=transport=dt_socket,embedding=1,server=y,suspend=n,address=127.0.0.1:56136
Begin MonoManager ReloadAssembly
Registering precompiled unity dll's ...
Register platform support module: C:/Program Files/Unity/Hub/Editor/2022.3.17f1/Editor/Data/PlaybackEngines/AndroidPlayer/UnityEditor.Android.Extensions.dll
Register platform support module: C:/Program Files/Unity/Hub/Editor/2022.3.17f1/Editor/Data/PlaybackEngines/WindowsStandaloneSupport/UnityEditor.WindowsStandalone.Extensions.dll
Registered in 0.011919 seconds.
- Loaded All Assemblies, in  0.396 seconds
Native extension for WindowsStandalone target not found
Native extension for Android target not found
Android Extension - Scanning For ADB Devices 213 ms
Mono: successfully reloaded assembly
- Finished resetting the current domain, in  0.518 seconds
Domain Reload Profiling: 914ms
	BeginReloadAssembly (181ms)
		ExecutionOrderSort (0ms)
		DisableScriptedObjects (0ms)
		BackupInstance (0ms)
		ReleaseScriptingObjects (0ms)
		CreateAndSetChildDomain (1ms)
	RebuildCommonClasses (27ms)
	RebuildNativeTypeToScriptingClass (9ms)
	initialDomainReloadingComplete (54ms)
	LoadAllAssembliesAndSetupDomain (123ms)
		LoadAssemblies (181ms)
		RebuildTransferFunctionScriptingTraits (0ms)
		AnalyzeDomain (121ms)
			TypeCache.Refresh (120ms)
				TypeCache.ScanAssembly (109ms)
			ScanForSourceGeneratedMonoScriptInfo (0ms)
			ResolveRequiredComponents (0ms)
	FinalizeReload (519ms)
		ReleaseScriptCaches (0ms)
		RebuildScriptCaches (0ms)
		SetupLoadedEditorAssemblies (461ms)
			LogAssemblyErrors (0ms)
			InitializePlatformSupportModulesInManaged (323ms)
			SetLoadedEditorAssemblies (3ms)
			RefreshPlugins (0ms)
			BeforeProcessingInitializeOnLoad (2ms)
			ProcessInitializeOnLoadAttributes (97ms)
			ProcessInitializeOnLoadMethodAttributes (36ms)
			AfterProcessingInitializeOnLoad (0ms)
			EditorAssembliesLoaded (0ms)
		ExecutionOrderSort2 (0ms)
		AwakeInstancesAfterBackupRestoration (0ms)
========================================================================
Worker process is ready to serve import requests
Begin MonoManager ReloadAssembly
- Loaded All Assemblies, in  1.127 seconds
Refreshing native plugins compatible for Editor in 5.97 ms, found 4 plugins.
Native extension for WindowsStandalone target not found
Native extension for Android target not found
Package Manager log level set to [2]
[Package Manager] Server::EnsureServerProcessIsRunning -- launch failed, reason: Unity was launched with the -noUpm command-line argument
[Package Manager] UpmClient::Send -- Unable to send message (not connected to UPM process).
[Package Manager] Cannot connect to Unity Package Manager local server
Mono: successfully reloaded assembly
- Finished resetting the current domain, in  0.505 seconds
Domain Reload Profiling: 1629ms
	BeginReloadAssembly (114ms)
		ExecutionOrderSort (0ms)
		DisableScriptedObjects (4ms)
		BackupInstance (0ms)
		ReleaseScriptingObjects (0ms)
		CreateAndSetChildDomain (17ms)
	RebuildCommonClasses (25ms)
	RebuildNativeTypeToScriptingClass (8ms)
	initialDomainReloadingComplete (33ms)
	LoadAllAssembliesAndSetupDomain (943ms)
		LoadAssemblies (862ms)
		RebuildTransferFunctionScriptingTraits (0ms)
		AnalyzeDomain (146ms)
			TypeCache.Refresh (124ms)
				TypeCache.ScanAssembly (109ms)
			ScanForSourceGeneratedMonoScriptInfo (17ms)
			ResolveRequiredComponents (4ms)
	FinalizeReload (505ms)
		ReleaseScriptCaches (0ms)
		RebuildScriptCaches (0ms)
		SetupLoadedEditorAssemblies (377ms)
			LogAssemblyErrors (0ms)
			InitializePlatformSupportModulesInManaged (21ms)
			SetLoadedEditorAssemblies (5ms)
			RefreshPlugins (0ms)
			BeforeProcessingInitializeOnLoad (62ms)
			ProcessInitializeOnLoadAttributes (253ms)
			ProcessInitializeOnLoadMethodAttributes (32ms)
			AfterProcessingInitializeOnLoad (4ms)
			EditorAssembliesLoaded (0ms)
		ExecutionOrderSort2 (0ms)
		AwakeInstancesAfterBackupRestoration (5ms)
Launched and connected shader compiler UnityShaderCompiler.exe after 0.06 seconds
Refreshing native plugins compatible for Editor in 2.96 ms, found 4 plugins.
Preloading 0 native plugins for Editor in 0.00 ms.
Unloading 4095 Unused Serialized files (Serialized files now loaded: 0)
Unloading 70 unused Assets / (244.5 KB). Loaded Objects now: 4554.
Memory consumption went from 155.3 MB to 155.1 MB.
Total: 3.130300 ms (FindLiveObjects: 0.262600 ms CreateObjectMapping: 0.263600 ms MarkObjects: 2.432400 ms  DeleteObjects: 0.170800 ms)

AssetImportParameters requested are different than current active one (requested -> active):
  custom:container-demuxer-ogg: 62fdf1f143b41e24485cea50d1cbac27 -> 
  custom:video-codec-MediaFoundation-h265: 746d11721c4dcdbdad8f713fa42b33f4 -> 
  custom:video-decoder-ogg-theora: a1e56fd34408186e4bbccfd4996cb3dc -> 
  custom:framework-win-MediaFoundation: 216162199b28c13a410421893ffa2e32 -> 
  custom:CustomObjectIndexerAttribute: 6d391050e5a25f67b0a2c618074f2cd9 -> 
  custom:container-demuxer-webm: 4f35f7cbe854078d1ac9338744f61a02 -> 
  custom:container-muxer-webm: aa71ff27fc2769a1b78a27578f13a17b -> 
  custom:video-decoder-webm-vp8: 9c59270c3fd7afecdb556c50c9e8de78 -> 
  custom:SearchIndexIgnoredProperties: e643bd26f0fe6173181afceb89e7c659 -> 
  custom:AudioImporter_EditorPlatform: d09bf68614088b80899f8185d706f6e7 -> 
  custom:video-encoder-webm-vp8: eb34c28f22e8b96e1ab97ce403110664 -> 
  custom:audio-decoder-ogg-vorbis: bf7c407c2cedff20999df2af8eb42d56 -> 
  custom:audio-encoder-webm-vorbis: bf7c407c2cedff20999df2af8eb42d56 -> 
========================================================================
Received Import Request.
  Time since last request: 433831.558188 seconds.
  path: Assets/Resources/Questions/QuestionTest 1.asset
  artifactKey: Guid(baad97a0b706fb04b930c14f2ea9dbfe) Importer(815301076,1909f56bfc062723c751e8b465ee728b)
Start importing Assets/Resources/Questions/QuestionTest 1.asset using Guid(baad97a0b706fb04b930c14f2ea9dbfe) Importer(815301076,1909f56bfc062723c751e8b465ee728b)  -> (artifact id: 'b6d41bbd9d21b6dee765ffa6b099f860') in 0.009356 seconds
Number of updated asset objects reloaded before import = 0
Number of asset objects unloaded after import = 2
========================================================================
Received Import Request.
  Time since last request: 32.346367 seconds.
  path: Assets/Resources/Questions/Question 1.asset
  artifactKey: Guid(4d4e9b990d42e6749884ef2d915208c1) Importer(815301076,1909f56bfc062723c751e8b465ee728b)
Start importing Assets/Resources/Questions/Question 1.asset using Guid(4d4e9b990d42e6749884ef2d915208c1) Importer(815301076,1909f56bfc062723c751e8b465ee728b)  -> (artifact id: '03889c4048a3b13c451cf3782b88322c') in 0.000902 seconds
Number of updated asset objects reloaded before import = 0
Number of asset objects unloaded after import = 1
========================================================================
Received Import Request.
  Time since last request: 215.700390 seconds.
  path: Assets/Resources/Sprites/Questions/SORU 2.png
  artifactKey: Guid(70d9fe2b8aa1d51448072d238a2bf400) Importer(815301076,1909f56bfc062723c751e8b465ee728b)
Start importing Assets/Resources/Sprites/Questions/SORU 2.png using Guid(70d9fe2b8aa1d51448072d238a2bf400) Importer(815301076,1909f56bfc062723c751e8b465ee728b)  -> (artifact id: '5d62fa90d9dad910abf676de2e37a8aa') in 0.065137 seconds
Number of updated asset objects reloaded before import = 0
Number of asset objects unloaded after import = 3
========================================================================
Received Import Request.
  Time since last request: 39.461918 seconds.
  path: Assets/Resources/Questions/Question 2.asset
  artifactKey: Guid(8acf262de9e51b64d84380c793dba54b) Importer(815301076,1909f56bfc062723c751e8b465ee728b)
Start importing Assets/Resources/Questions/Question 2.asset using Guid(8acf262de9e51b64d84380c793dba54b) Importer(815301076,1909f56bfc062723c751e8b465ee728b)  -> (artifact id: '485115da1de1355999eb1447ab47a214') in 0.001095 seconds
Number of updated asset objects reloaded before import = 0
Number of asset objects unloaded after import = 1
========================================================================
Received Import Request.
  Time since last request: 153.341684 seconds.
  path: Assets/Resources/Sprites/Questions/3.png
  artifactKey: Guid(a5b81d1be0fcfb346a5dd90a3404d557) Importer(815301076,1909f56bfc062723c751e8b465ee728b)
Start importing Assets/Resources/Sprites/Questions/3.png using Guid(a5b81d1be0fcfb346a5dd90a3404d557) Importer(815301076,1909f56bfc062723c751e8b465ee728b)  -> (artifact id: 'cd042e01f242048b78e2d56c3cfc2f27') in 0.023475 seconds
Number of updated asset objects reloaded before import = 0
Number of asset objects unloaded after import = 3
========================================================================
Received Import Request.
  Time since last request: 86.011969 seconds.
  path: Assets/Resources/Questions/Question 3.asset
  artifactKey: Guid(bab53dfc1ded419448f11fafc66423d7) Importer(815301076,1909f56bfc062723c751e8b465ee728b)
Start importing Assets/Resources/Questions/Question 3.asset using Guid(bab53dfc1ded419448f11fafc66423d7) Importer(815301076,1909f56bfc062723c751e8b465ee728b)  -> (artifact id: 'd3e07d5d70174ba0a15678a164109533') in 0.001033 seconds
Number of updated asset objects reloaded before import = 0
Number of asset objects unloaded after import = 1
========================================================================
Received Import Request.
  Time since last request: 17.256530 seconds.
  path: Assets/Resources/Questions/Question.asset
  artifactKey: Guid(95194c90e8979574b9c6ea782ab2a44f) Importer(815301076,1909f56bfc062723c751e8b465ee728b)
Start importing Assets/Resources/Questions/Question.asset using Guid(95194c90e8979574b9c6ea782ab2a44f) Importer(815301076,1909f56bfc062723c751e8b465ee728b)  -> (artifact id: 'e70725379a68e3952ee9c17bd3fbad60') in 0.010278 seconds
Number of updated asset objects reloaded before import = 0
Number of asset objects unloaded after import = 2
========================================================================
Received Import Request.
  Time since last request: 13.911021 seconds.
  path: Assets/Resources/Questions/Question 1.asset
  artifactKey: Guid(4d4e9b990d42e6749884ef2d915208c1) Importer(815301076,1909f56bfc062723c751e8b465ee728b)
Start importing Assets/Resources/Questions/Question 1.asset using Guid(4d4e9b990d42e6749884ef2d915208c1) Importer(815301076,1909f56bfc062723c751e8b465ee728b)  -> (artifact id: '881adf283f439fe5483eae8996129598') in 0.001044 seconds
Number of updated asset objects reloaded before import = 0
Number of asset objects unloaded after import = 2
========================================================================
Received Import Request.
  Time since last request: 65.916963 seconds.
  path: Assets/Resources/Sprites/Questions/4.png
  artifactKey: Guid(60f27e0dcf9168246a62a2d72e3db1ee) Importer(815301076,1909f56bfc062723c751e8b465ee728b)
Start importing Assets/Resources/Sprites/Questions/4.png using Guid(60f27e0dcf9168246a62a2d72e3db1ee) Importer(815301076,1909f56bfc062723c751e8b465ee728b)  -> (artifact id: 'ea55945e42b53823b4ff1425f30ea1f6') in 0.024035 seconds
Number of updated asset objects reloaded before import = 0
Number of asset objects unloaded after import = 3
========================================================================
Received Import Request.
  Time since last request: 47.115096 seconds.
  path: Assets/Resources/Questions/Question 4.asset
  artifactKey: Guid(7772626fb0197f94ebe68a62a91be223) Importer(815301076,1909f56bfc062723c751e8b465ee728b)
Start importing Assets/Resources/Questions/Question 4.asset using Guid(7772626fb0197f94ebe68a62a91be223) Importer(815301076,1909f56bfc062723c751e8b465ee728b)  -> (artifact id: '568b877ea1bddd043bae403434f1941f') in 0.000937 seconds
Number of updated asset objects reloaded before import = 0
Number of asset objects unloaded after import = 1
========================================================================
Received Import Request.
  Time since last request: 35.955808 seconds.
  path: Assets/Resources/Questions/5.png
  artifactKey: Guid(7249e4d3c9b13664c95d40a2df8d17c1) Importer(815301076,1909f56bfc062723c751e8b465ee728b)
Start importing Assets/Resources/Questions/5.png using Guid(7249e4d3c9b13664c95d40a2df8d17c1) Importer(815301076,1909f56bfc062723c751e8b465ee728b)  -> (artifact id: 'cfef92e4ed271d90413b4e23b80b0301') in 0.026028 seconds
Number of updated asset objects reloaded before import = 0
Number of asset objects unloaded after import = 3
========================================================================
Received Import Request.
  Time since last request: 70.756337 seconds.
  path: Assets/Resources/Questions/Question 8.asset
  artifactKey: Guid(e45b08d800dd39a4b97360add9ed4879) Importer(815301076,1909f56bfc062723c751e8b465ee728b)
Start importing Assets/Resources/Questions/Question 8.asset using Guid(e45b08d800dd39a4b97360add9ed4879) Importer(815301076,1909f56bfc062723c751e8b465ee728b)  -> (artifact id: 'a59a232966b52f7dfd6412b6c99a0e85') in 0.000910 seconds
Number of updated asset objects reloaded before import = 0
Number of asset objects unloaded after import = 1
========================================================================
Received Import Request.
  Time since last request: 5.571074 seconds.
  path: Assets/Resources/Questions/Question 9.asset
  artifactKey: Guid(710082cb090d60149a907a77771bc02b) Importer(815301076,1909f56bfc062723c751e8b465ee728b)
Start importing Assets/Resources/Questions/Question 9.asset using Guid(710082cb090d60149a907a77771bc02b) Importer(815301076,1909f56bfc062723c751e8b465ee728b)  -> (artifact id: 'fa6a3bdd0acb48d2d9fd63fb452d7368') in 0.000926 seconds
Number of updated asset objects reloaded before import = 0
Number of asset objects unloaded after import = 1
========================================================================
Received Import Request.
  Time since last request: 6.147345 seconds.
  path: Assets/Resources/Questions/Question 10.asset
  artifactKey: Guid(7019a3a85057fb8409c5aed5de414e60) Importer(815301076,1909f56bfc062723c751e8b465ee728b)
Start importing Assets/Resources/Questions/Question 10.asset using Guid(7019a3a85057fb8409c5aed5de414e60) Importer(815301076,1909f56bfc062723c751e8b465ee728b)  -> (artifact id: 'ef1830ce487b4098590d39471adf4c7a') in 0.000872 seconds
Number of updated asset objects reloaded before import = 0
Number of asset objects unloaded after import = 1
========================================================================
Received Import Request.
  Time since last request: 5.302206 seconds.
  path: Assets/Resources/Questions/Question 11.asset
  artifactKey: Guid(cbba48f48c6d9114b92d9df4aec17f2e) Importer(815301076,1909f56bfc062723c751e8b465ee728b)
Start importing Assets/Resources/Questions/Question 11.asset using Guid(cbba48f48c6d9114b92d9df4aec17f2e) Importer(815301076,1909f56bfc062723c751e8b465ee728b)  -> (artifact id: 'f9efdcc1d9b1faeacdf2789353809fb8') in 0.000877 seconds
Number of updated asset objects reloaded before import = 0
Number of asset objects unloaded after import = 1
========================================================================
Received Import Request.
  Time since last request: 6.905941 seconds.
  path: Assets/Resources/Prefabs
  artifactKey: Guid(99a5e12e43f2f604d97fc56956d06c7f) Importer(815301076,1909f56bfc062723c751e8b465ee728b)
Start importing Assets/Resources/Prefabs using Guid(99a5e12e43f2f604d97fc56956d06c7f) Importer(815301076,1909f56bfc062723c751e8b465ee728b)  -> (artifact id: '7fcee9306850126382df0bc08a949c3a') in 0.000690 seconds
Number of updated asset objects reloaded before import = 0
Number of asset objects unloaded after import = 0
========================================================================
Received Import Request.
  Time since last request: 5.837333 seconds.
  path: Assets/Resources/Questions/Question 13.asset
  artifactKey: Guid(0ceaa16d5d8fe564d9c28fef46e6344f) Importer(815301076,1909f56bfc062723c751e8b465ee728b)
Start importing Assets/Resources/Questions/Question 13.asset using Guid(0ceaa16d5d8fe564d9c28fef46e6344f) Importer(815301076,1909f56bfc062723c751e8b465ee728b)  -> (artifact id: '160797964c09182cd2cf10828edfd85b') in 0.000897 seconds
Number of updated asset objects reloaded before import = 0
Number of asset objects unloaded after import = 1
========================================================================
Received Import Request.
  Time since last request: 4.114313 seconds.
  path: Assets/Resources/Questions/Question 14.asset
  artifactKey: Guid(d54e2506c66eb4447b5d645a1fcc5b02) Importer(815301076,1909f56bfc062723c751e8b465ee728b)
Start importing Assets/Resources/Questions/Question 14.asset using Guid(d54e2506c66eb4447b5d645a1fcc5b02) Importer(815301076,1909f56bfc062723c751e8b465ee728b)  -> (artifact id: '5acf6cb97970a79762e04a2bc25bf4f7') in 0.000838 seconds
Number of updated asset objects reloaded before import = 0
Number of asset objects unloaded after import = 1
========================================================================
Received Import Request.
  Time since last request: 5.378463 seconds.
  path: Assets/Resources/Questions/Question 15.asset
  artifactKey: Guid(d2254ff6658fcf749979013eeaf0db7d) Importer(815301076,1909f56bfc062723c751e8b465ee728b)
Start importing Assets/Resources/Questions/Question 15.asset using Guid(d2254ff6658fcf749979013eeaf0db7d) Importer(815301076,1909f56bfc062723c751e8b465ee728b)  -> (artifact id: '2477bc01bafb1c4ab5cfd8a502f2483f') in 0.000833 seconds
Number of updated asset objects reloaded before import = 0
Number of asset objects unloaded after import = 1
========================================================================
Received Import Request.
  Time since last request: 12.497859 seconds.
  path: Assets/Resources/Questions/Question 16.asset
  artifactKey: Guid(d6342cd6d5a5c254abe40cc088ef9317) Importer(815301076,1909f56bfc062723c751e8b465ee728b)
Start importing Assets/Resources/Questions/Question 16.asset using Guid(d6342cd6d5a5c254abe40cc088ef9317) Importer(815301076,1909f56bfc062723c751e8b465ee728b)  -> (artifact id: '3efcd4f1f9a081ef70ca7764a56ae086') in 0.000817 seconds
Number of updated asset objects reloaded before import = 0
Number of asset objects unloaded after import = 1
========================================================================
Received Import Request.
  Time since last request: 7.051949 seconds.
  path: Assets/Resources/Questions/Question 17.asset
  artifactKey: Guid(32f76c1eff1ed30499e7d7a7f0e51ca2) Importer(815301076,1909f56bfc062723c751e8b465ee728b)
Start importing Assets/Resources/Questions/Question 17.asset using Guid(32f76c1eff1ed30499e7d7a7f0e51ca2) Importer(815301076,1909f56bfc062723c751e8b465ee728b)  -> (artifact id: 'f2c8018d59aa262d6ff537364c5fc8b3') in 0.000876 seconds
Number of updated asset objects reloaded before import = 0
Number of asset objects unloaded after import = 1
========================================================================
Received Import Request.
  Time since last request: 10.039918 seconds.
  path: Assets/Resources/Questions/Question 18.asset
  artifactKey: Guid(a433b84e14a064f44bcce621dab48dd3) Importer(815301076,1909f56bfc062723c751e8b465ee728b)
Start importing Assets/Resources/Questions/Question 18.asset using Guid(a433b84e14a064f44bcce621dab48dd3) Importer(815301076,1909f56bfc062723c751e8b465ee728b)  -> (artifact id: '34b9f51fe994817e670b42cc7aeb5630') in 0.000814 seconds
Number of updated asset objects reloaded before import = 0
Number of asset objects unloaded after import = 1
========================================================================
Received Import Request.
  Time since last request: 6.237684 seconds.
  path: Assets/Resources/Questions/Question 19.asset
  artifactKey: Guid(01b4284da2df495488e1740444aa71cd) Importer(815301076,1909f56bfc062723c751e8b465ee728b)
Start importing Assets/Resources/Questions/Question 19.asset using Guid(01b4284da2df495488e1740444aa71cd) Importer(815301076,1909f56bfc062723c751e8b465ee728b)  -> (artifact id: '013e4e8a4fd78f55a96842b3bd8138ed') in 0.000804 seconds
Number of updated asset objects reloaded before import = 0
Number of asset objects unloaded after import = 1
========================================================================
Received Import Request.
  Time since last request: 6.020949 seconds.
  path: Assets/Resources/Questions/Question 20.asset
  artifactKey: Guid(ad94b8be1f936ea45b8a7030624ac2ca) Importer(815301076,1909f56bfc062723c751e8b465ee728b)
Start importing Assets/Resources/Questions/Question 20.asset using Guid(ad94b8be1f936ea45b8a7030624ac2ca) Importer(815301076,1909f56bfc062723c751e8b465ee728b)  -> (artifact id: '2b7a56befbc9152d269ff46318a5f743') in 0.000814 seconds
Number of updated asset objects reloaded before import = 0
Number of asset objects unloaded after import = 1
========================================================================
Received Import Request.
  Time since last request: 8.711017 seconds.
  path: Assets/Resources/Questions/Question 21.asset
  artifactKey: Guid(ea0344b6cc4b32649b932e35422dada2) Importer(815301076,1909f56bfc062723c751e8b465ee728b)
Start importing Assets/Resources/Questions/Question 21.asset using Guid(ea0344b6cc4b32649b932e35422dada2) Importer(815301076,1909f56bfc062723c751e8b465ee728b)  -> (artifact id: '4b91c1672c4b4c1ac0afa32ca6626baa') in 0.000820 seconds
Number of updated asset objects reloaded before import = 0
Number of asset objects unloaded after import = 1
========================================================================
Received Import Request.
  Time since last request: 7.127312 seconds.
  path: Assets/Resources/Questions/Question 22.asset
  artifactKey: Guid(7c411b50916c95e4398cef2b8d0c59b2) Importer(815301076,1909f56bfc062723c751e8b465ee728b)
Start importing Assets/Resources/Questions/Question 22.asset using Guid(7c411b50916c95e4398cef2b8d0c59b2) Importer(815301076,1909f56bfc062723c751e8b465ee728b)  -> (artifact id: 'c0892ac6ad0e769254511a447cf22611') in 0.000850 seconds
Number of updated asset objects reloaded before import = 0
Number of asset objects unloaded after import = 1
========================================================================
Received Import Request.
  Time since last request: 5.007171 seconds.
  path: Assets/Resources/Questions/Question 23.asset
  artifactKey: Guid(a2434752faeba4943921b2430197d23a) Importer(815301076,1909f56bfc062723c751e8b465ee728b)
Start importing Assets/Resources/Questions/Question 23.asset using Guid(a2434752faeba4943921b2430197d23a) Importer(815301076,1909f56bfc062723c751e8b465ee728b)  -> (artifact id: '881410b1e31a1fefb6c655fe19e01dd0') in 0.000789 seconds
Number of updated asset objects reloaded before import = 0
Number of asset objects unloaded after import = 1
========================================================================
Received Import Request.
  Time since last request: 6.048207 seconds.
  path: Assets/Resources/Questions/Question 24.asset
  artifactKey: Guid(401253f6bcf46a44dbd69f4bc6fe641f) Importer(815301076,1909f56bfc062723c751e8b465ee728b)
Start importing Assets/Resources/Questions/Question 24.asset using Guid(401253f6bcf46a44dbd69f4bc6fe641f) Importer(815301076,1909f56bfc062723c751e8b465ee728b)  -> (artifact id: '11970133aad7bebcdbb7e3d21b7fd1c9') in 0.000821 seconds
Number of updated asset objects reloaded before import = 0
Number of asset objects unloaded after import = 1
========================================================================
Received Import Request.
  Time since last request: 6.814052 seconds.
  path: Assets/Resources/Questions/Question 25.asset
  artifactKey: Guid(6eab09c4310c98b4a9245d81242d6038) Importer(815301076,1909f56bfc062723c751e8b465ee728b)
Start importing Assets/Resources/Questions/Question 25.asset using Guid(6eab09c4310c98b4a9245d81242d6038) Importer(815301076,1909f56bfc062723c751e8b465ee728b)  -> (artifact id: '7dc7d92fcfba8b20a77e33208397d426') in 0.000825 seconds
Number of updated asset objects reloaded before import = 0
Number of asset objects unloaded after import = 1
========================================================================
Received Import Request.
  Time since last request: 6.553802 seconds.
  path: Assets/Resources/Questions/Question 26.asset
  artifactKey: Guid(57e4f0c988e1eb548832af810270b757) Importer(815301076,1909f56bfc062723c751e8b465ee728b)
Start importing Assets/Resources/Questions/Question 26.asset using Guid(57e4f0c988e1eb548832af810270b757) Importer(815301076,1909f56bfc062723c751e8b465ee728b)  -> (artifact id: '0276878bb72a0d330456b840ad529ac1') in 0.000869 seconds
Number of updated asset objects reloaded before import = 0
Number of asset objects unloaded after import = 1
========================================================================
Received Import Request.
  Time since last request: 6.595849 seconds.
  path: Assets/Resources/Questions/Question 27.asset
  artifactKey: Guid(a54593c47d3f4f84494af4e6c0604326) Importer(815301076,1909f56bfc062723c751e8b465ee728b)
Start importing Assets/Resources/Questions/Question 27.asset using Guid(a54593c47d3f4f84494af4e6c0604326) Importer(815301076,1909f56bfc062723c751e8b465ee728b)  -> (artifact id: '53fb6316448b2528efc6305df90dfde6') in 0.000833 seconds
Number of updated asset objects reloaded before import = 0
Number of asset objects unloaded after import = 1
========================================================================
Received Import Request.
  Time since last request: 5.622834 seconds.
  path: Assets/Resources/Questions/Question 28.asset
  artifactKey: Guid(ae13f40f6a5f8124c9aba776a336dce1) Importer(815301076,1909f56bfc062723c751e8b465ee728b)
Start importing Assets/Resources/Questions/Question 28.asset using Guid(ae13f40f6a5f8124c9aba776a336dce1) Importer(815301076,1909f56bfc062723c751e8b465ee728b)  -> (artifact id: 'dfe9cec10b495e9df0073f1cfb3638b9') in 0.000977 seconds
Number of updated asset objects reloaded before import = 0
Number of asset objects unloaded after import = 1
========================================================================
Received Import Request.
  Time since last request: 8.810985 seconds.
  path: Assets/Resources/Questions/Question 29.asset
  artifactKey: Guid(528d343d3d65fb94f8ccc1e4db3af913) Importer(815301076,1909f56bfc062723c751e8b465ee728b)
Start importing Assets/Resources/Questions/Question 29.asset using Guid(528d343d3d65fb94f8ccc1e4db3af913) Importer(815301076,1909f56bfc062723c751e8b465ee728b)  -> (artifact id: '517a568833d17f816bd3dc64b59c047c') in 0.000866 seconds
Number of updated asset objects reloaded before import = 0
Number of asset objects unloaded after import = 1
========================================================================
Received Import Request.
  Time since last request: 6.579366 seconds.
  path: Assets/Resources/Questions/Question 30.asset
  artifactKey: Guid(44c9bc2fcfbff164e97dcb6a221624ee) Importer(815301076,1909f56bfc062723c751e8b465ee728b)
Start importing Assets/Resources/Questions/Question 30.asset using Guid(44c9bc2fcfbff164e97dcb6a221624ee) Importer(815301076,1909f56bfc062723c751e8b465ee728b)  -> (artifact id: '4906b47404ff615f09a0db5b5ebeeb7a') in 0.000857 seconds
Number of updated asset objects reloaded before import = 0
Number of asset objects unloaded after import = 1
========================================================================
Received Import Request.
  Time since last request: 8.087325 seconds.
  path: Assets/Resources/Questions/Question 31.asset
  artifactKey: Guid(2bac32a1989c6594f93e51ce1d433ef8) Importer(815301076,1909f56bfc062723c751e8b465ee728b)
Start importing Assets/Resources/Questions/Question 31.asset using Guid(2bac32a1989c6594f93e51ce1d433ef8) Importer(815301076,1909f56bfc062723c751e8b465ee728b)  -> (artifact id: '20403f10f1e52839656fbbb99c322d2e') in 0.000815 seconds
Number of updated asset objects reloaded before import = 0
Number of asset objects unloaded after import = 1
========================================================================
Received Import Request.
  Time since last request: 7.447443 seconds.
  path: Assets/Resources/Questions/Question 32.asset
  artifactKey: Guid(b4cea038befbe9040908b21b054203e7) Importer(815301076,1909f56bfc062723c751e8b465ee728b)
Start importing Assets/Resources/Questions/Question 32.asset using Guid(b4cea038befbe9040908b21b054203e7) Importer(815301076,1909f56bfc062723c751e8b465ee728b)  -> (artifact id: '72b99d122e1574f88902ad9831f1fdbb') in 0.000798 seconds
Number of updated asset objects reloaded before import = 0
Number of asset objects unloaded after import = 1
========================================================================
Received Import Request.
  Time since last request: 7.305580 seconds.
  path: Assets/Resources/Questions/Question 33.asset
  artifactKey: Guid(ca64e9d8be961af4985e1b826503bb6d) Importer(815301076,1909f56bfc062723c751e8b465ee728b)
Start importing Assets/Resources/Questions/Question 33.asset using Guid(ca64e9d8be961af4985e1b826503bb6d) Importer(815301076,1909f56bfc062723c751e8b465ee728b)  -> (artifact id: 'ae10e3ff0fa7acace7c89d0c3235d040') in 0.000817 seconds
Number of updated asset objects reloaded before import = 0
Number of asset objects unloaded after import = 1
========================================================================
Received Import Request.
  Time since last request: 8.057061 seconds.
  path: Assets/Resources/Questions/Question 34.asset
  artifactKey: Guid(98b2f4c2ad9bd8a44af2736792cf0076) Importer(815301076,1909f56bfc062723c751e8b465ee728b)
Start importing Assets/Resources/Questions/Question 34.asset using Guid(98b2f4c2ad9bd8a44af2736792cf0076) Importer(815301076,1909f56bfc062723c751e8b465ee728b)  -> (artifact id: 'ec77e3ebdca93eea6267d1868bd1b1b2') in 0.000878 seconds
Number of updated asset objects reloaded before import = 0
Number of asset objects unloaded after import = 1
========================================================================
Received Import Request.
  Time since last request: 6.702767 seconds.
  path: Assets/Resources/Questions/Question 35.asset
  artifactKey: Guid(82b5f3cf039c6fe4989c8e9b5e513e46) Importer(815301076,1909f56bfc062723c751e8b465ee728b)
Start importing Assets/Resources/Questions/Question 35.asset using Guid(82b5f3cf039c6fe4989c8e9b5e513e46) Importer(815301076,1909f56bfc062723c751e8b465ee728b)  -> (artifact id: 'b29012ab4fd5afd170d46f69375b42e4') in 0.000830 seconds
Number of updated asset objects reloaded before import = 0
Number of asset objects unloaded after import = 1
========================================================================
Received Import Request.
  Time since last request: 6.372071 seconds.
  path: Assets/Resources/Questions/Question 36.asset
  artifactKey: Guid(9fc51022818238f4ca6655bace7f78b5) Importer(815301076,1909f56bfc062723c751e8b465ee728b)
Start importing Assets/Resources/Questions/Question 36.asset using Guid(9fc51022818238f4ca6655bace7f78b5) Importer(815301076,1909f56bfc062723c751e8b465ee728b)  -> (artifact id: '9bd34553e9aad1a4d680c23a8667c24d') in 0.000870 seconds
Number of updated asset objects reloaded before import = 0
Number of asset objects unloaded after import = 1
========================================================================
Received Import Request.
  Time since last request: 10.011441 seconds.
  path: Assets/Resources/Questions/Question 37.asset
  artifactKey: Guid(4098f5bbba9dccc409faafa0b1707e78) Importer(815301076,1909f56bfc062723c751e8b465ee728b)
Start importing Assets/Resources/Questions/Question 37.asset using Guid(4098f5bbba9dccc409faafa0b1707e78) Importer(815301076,1909f56bfc062723c751e8b465ee728b)  -> (artifact id: '76b24cf8d360950d8ee6c2081cd140fc') in 0.000845 seconds
Number of updated asset objects reloaded before import = 0
Number of asset objects unloaded after import = 1
========================================================================
Received Import Request.
  Time since last request: 12.719528 seconds.
  path: Assets/Resources/Questions/Question 38.asset
  artifactKey: Guid(e6f273af63f726d47bffdbf9d80ed036) Importer(815301076,1909f56bfc062723c751e8b465ee728b)
Start importing Assets/Resources/Questions/Question 38.asset using Guid(e6f273af63f726d47bffdbf9d80ed036) Importer(815301076,1909f56bfc062723c751e8b465ee728b)  -> (artifact id: '948b9073e0159a9377b20b92dc697be2') in 0.000876 seconds
Number of updated asset objects reloaded before import = 0
Number of asset objects unloaded after import = 1
========================================================================
Received Import Request.
  Time since last request: 27.683291 seconds.
  path: Assets/Resources/Questions/Question 39.asset
  artifactKey: Guid(ee902f2129a40ea4eba8b04fe9407b1f) Importer(815301076,1909f56bfc062723c751e8b465ee728b)
Start importing Assets/Resources/Questions/Question 39.asset using Guid(ee902f2129a40ea4eba8b04fe9407b1f) Importer(815301076,1909f56bfc062723c751e8b465ee728b)  -> (artifact id: '461284e4d9bd203ad8ecaddc087d439b') in 0.000808 seconds
Number of updated asset objects reloaded before import = 0
Number of asset objects unloaded after import = 1
========================================================================
Received Import Request.
  Time since last request: 13.068604 seconds.
  path: Assets/Resources/Questions/Question 40.asset
  artifactKey: Guid(ee8f3bf9a4dd65944b0308485431f6d0) Importer(815301076,1909f56bfc062723c751e8b465ee728b)
Start importing Assets/Resources/Questions/Question 40.asset using Guid(ee8f3bf9a4dd65944b0308485431f6d0) Importer(815301076,1909f56bfc062723c751e8b465ee728b)  -> (artifact id: 'e4a0212a2f86cbb02759e87e98c12fab') in 0.000834 seconds
Number of updated asset objects reloaded before import = 0
Number of asset objects unloaded after import = 1
========================================================================
Received Import Request.
  Time since last request: 5.766790 seconds.
  path: Assets/Resources/Questions/Question 41.asset
  artifactKey: Guid(c29983180750558459da47ba5103480c) Importer(815301076,1909f56bfc062723c751e8b465ee728b)
Start importing Assets/Resources/Questions/Question 41.asset using Guid(c29983180750558459da47ba5103480c) Importer(815301076,1909f56bfc062723c751e8b465ee728b)  -> (artifact id: 'e27736bb5097fc082cb4b55ed0e676f0') in 0.000823 seconds
Number of updated asset objects reloaded before import = 0
Number of asset objects unloaded after import = 1
========================================================================
Received Import Request.
  Time since last request: 7.973563 seconds.
  path: Assets/Resources/Questions/Question 42.asset
  artifactKey: Guid(ff94067c8c0cc9342a13cae2492437e8) Importer(815301076,1909f56bfc062723c751e8b465ee728b)
Start importing Assets/Resources/Questions/Question 42.asset using Guid(ff94067c8c0cc9342a13cae2492437e8) Importer(815301076,1909f56bfc062723c751e8b465ee728b)  -> (artifact id: '42464b096cfd0409c66733cf4548b07f') in 0.000829 seconds
Number of updated asset objects reloaded before import = 0
Number of asset objects unloaded after import = 1
========================================================================
Received Import Request.
  Time since last request: 8.714277 seconds.
  path: Assets/Resources/Questions/Question 43.asset
  artifactKey: Guid(4371d83fd4da8024d85e0a5cb5736cd6) Importer(815301076,1909f56bfc062723c751e8b465ee728b)
Start importing Assets/Resources/Questions/Question 43.asset using Guid(4371d83fd4da8024d85e0a5cb5736cd6) Importer(815301076,1909f56bfc062723c751e8b465ee728b)  -> (artifact id: '9e34070e15d813ee54383640959e65f2') in 0.000792 seconds
Number of updated asset objects reloaded before import = 0
Number of asset objects unloaded after import = 1
========================================================================
Received Import Request.
  Time since last request: 6.831642 seconds.
  path: Assets/Resources/Questions/Question 44.asset
  artifactKey: Guid(1b65eaeebed033a448ced58618e5bebe) Importer(815301076,1909f56bfc062723c751e8b465ee728b)
Start importing Assets/Resources/Questions/Question 44.asset using Guid(1b65eaeebed033a448ced58618e5bebe) Importer(815301076,1909f56bfc062723c751e8b465ee728b)  -> (artifact id: 'c33dccf185cf16cb1cd1ab0f84232b6e') in 0.000849 seconds
Number of updated asset objects reloaded before import = 0
Number of asset objects unloaded after import = 1
========================================================================
Received Import Request.
  Time since last request: 16.978647 seconds.
  path: Assets/Resources/Questions/Question 45.asset
  artifactKey: Guid(d7cb4af06e0db2642aabab6feea448e0) Importer(815301076,1909f56bfc062723c751e8b465ee728b)
Start importing Assets/Resources/Questions/Question 45.asset using Guid(d7cb4af06e0db2642aabab6feea448e0) Importer(815301076,1909f56bfc062723c751e8b465ee728b)  -> (artifact id: '42e72c945fd986b8b13089dd48cb5740') in 0.000899 seconds
Number of updated asset objects reloaded before import = 0
Number of asset objects unloaded after import = 1
========================================================================
Received Import Request.
  Time since last request: 6.238406 seconds.
  path: Assets/Resources/Questions/Question 46.asset
  artifactKey: Guid(facb428cede2bcc40a3ca1ce7d0739ba) Importer(815301076,1909f56bfc062723c751e8b465ee728b)
Start importing Assets/Resources/Questions/Question 46.asset using Guid(facb428cede2bcc40a3ca1ce7d0739ba) Importer(815301076,1909f56bfc062723c751e8b465ee728b)  -> (artifact id: '43b6661f46fcd5c96d87d65fdc0dbd6c') in 0.000799 seconds
Number of updated asset objects reloaded before import = 0
Number of asset objects unloaded after import = 1
========================================================================
Received Import Request.
  Time since last request: 5.114614 seconds.
  path: Assets/Resources/Questions/Question 47.asset
  artifactKey: Guid(b6a3e1ed54c54d342a599abc08272a88) Importer(815301076,1909f56bfc062723c751e8b465ee728b)
Start importing Assets/Resources/Questions/Question 47.asset using Guid(b6a3e1ed54c54d342a599abc08272a88) Importer(815301076,1909f56bfc062723c751e8b465ee728b)  -> (artifact id: '09498f648241bb66c11d919c2046855f') in 0.000802 seconds
Number of updated asset objects reloaded before import = 0
Number of asset objects unloaded after import = 1
========================================================================
Received Import Request.
  Time since last request: 8.796001 seconds.
  path: Assets/Resources/Questions/Question 48.asset
  artifactKey: Guid(13823b22a49a8db42a5c87d8032053c0) Importer(815301076,1909f56bfc062723c751e8b465ee728b)
Start importing Assets/Resources/Questions/Question 48.asset using Guid(13823b22a49a8db42a5c87d8032053c0) Importer(815301076,1909f56bfc062723c751e8b465ee728b)  -> (artifact id: '604838a8dd0b29a04b9a41718bd57b83') in 0.000863 seconds
Number of updated asset objects reloaded before import = 0
Number of asset objects unloaded after import = 1
========================================================================
Received Import Request.
  Time since last request: 5.405137 seconds.
  path: Assets/Resources/Questions/Question 49.asset
  artifactKey: Guid(9a16ff77b11673c4dabe0b4868038ef2) Importer(815301076,1909f56bfc062723c751e8b465ee728b)
Start importing Assets/Resources/Questions/Question 49.asset using Guid(9a16ff77b11673c4dabe0b4868038ef2) Importer(815301076,1909f56bfc062723c751e8b465ee728b)  -> (artifact id: '32950372645b242a0a18b3cadd5dadbe') in 0.000808 seconds
Number of updated asset objects reloaded before import = 0
Number of asset objects unloaded after import = 1
========================================================================
Received Import Request.
  Time since last request: 7.167067 seconds.
  path: Assets/Resources/Questions/Question 5.asset
  artifactKey: Guid(6e50b782bdb022048bdb0806e9a4bd5c) Importer(815301076,1909f56bfc062723c751e8b465ee728b)
Start importing Assets/Resources/Questions/Question 5.asset using Guid(6e50b782bdb022048bdb0806e9a4bd5c) Importer(815301076,1909f56bfc062723c751e8b465ee728b)  -> (artifact id: '6479b9e62cec3386d3ed8f4487b1346a') in 0.001012 seconds
Number of updated asset objects reloaded before import = 0
Number of asset objects unloaded after import = 1
========================================================================
Received Import Request.
  Time since last request: 573.275635 seconds.
  path: Assets/Resources/Questions/Question 6.asset
  artifactKey: Guid(e7ef9497f2eb98945822b68648c32d92) Importer(815301076,1909f56bfc062723c751e8b465ee728b)
Start importing Assets/Resources/Questions/Question 6.asset using Guid(e7ef9497f2eb98945822b68648c32d92) Importer(815301076,1909f56bfc062723c751e8b465ee728b)  -> (artifact id: 'fdaeedd72a05ea7ca22b93ae16ae1a08') in 0.001367 seconds
Number of updated asset objects reloaded before import = 0
Number of asset objects unloaded after import = 1
========================================================================
Received Import Request.
  Time since last request: 41.212302 seconds.
  path: Assets/Resources/Questions/Question 7.asset
  artifactKey: Guid(3308d1d69e381f94bb1032da26c4cd45) Importer(815301076,1909f56bfc062723c751e8b465ee728b)
Start importing Assets/Resources/Questions/Question 7.asset using Guid(3308d1d69e381f94bb1032da26c4cd45) Importer(815301076,1909f56bfc062723c751e8b465ee728b)  -> (artifact id: 'f5059d28bfb7e99395e8257721d6a958') in 0.001140 seconds
Number of updated asset objects reloaded before import = 0
Number of asset objects unloaded after import = 1
========================================================================
Received Import Request.
  Time since last request: 118.877879 seconds.
  path: Assets/Resources/Questions/Question 12.asset
  artifactKey: Guid(2b6bfdb0ab2726e4b9ef70b91b653b08) Importer(815301076,1909f56bfc062723c751e8b465ee728b)
Start importing Assets/Resources/Questions/Question 12.asset using Guid(2b6bfdb0ab2726e4b9ef70b91b653b08) Importer(815301076,1909f56bfc062723c751e8b465ee728b)  -> (artifact id: 'bdaaab8c53fed9f3498533624ea0c4ef') in 0.001282 seconds
Number of updated asset objects reloaded before import = 0
Number of asset objects unloaded after import = 1
========================================================================
Received Import Request.
  Time since last request: 3555.065981 seconds.
  path: Assets/Resources/Sprites/Questions/14.png
  artifactKey: Guid(aa9e2c6c5deac7145bb3a0a9ed5fbc13) Importer(815301076,1909f56bfc062723c751e8b465ee728b)
Start importing Assets/Resources/Sprites/Questions/14.png using Guid(aa9e2c6c5deac7145bb3a0a9ed5fbc13) Importer(815301076,1909f56bfc062723c751e8b465ee728b)  -> (artifact id: '4c707fd65034af797b5a3d44db26bf7e') in 0.050953 seconds
Number of updated asset objects reloaded before import = 0
Number of asset objects unloaded after import = 3
========================================================================
Received Import Request.
  Time since last request: 56.255266 seconds.
  path: Assets/Resources/Sprites/Questions/6.png
  artifactKey: Guid(310b8b7d4fc795243822b994a511d65e) Importer(815301076,1909f56bfc062723c751e8b465ee728b)
Start importing Assets/Resources/Sprites/Questions/6.png using Guid(310b8b7d4fc795243822b994a511d65e) Importer(815301076,1909f56bfc062723c751e8b465ee728b)  -> (artifact id: 'f56b470090f3b2bef644d0df87ea6e56') in 0.025959 seconds
Number of updated asset objects reloaded before import = 0
Number of asset objects unloaded after import = 3
========================================================================
Received Import Request.
  Time since last request: 0.000027 seconds.
  path: Assets/Resources/Sprites/Questions/13.png
  artifactKey: Guid(d64701c763376fb4b879371d3c818e60) Importer(815301076,1909f56bfc062723c751e8b465ee728b)
Start importing Assets/Resources/Sprites/Questions/13.png using Guid(d64701c763376fb4b879371d3c818e60) Importer(815301076,1909f56bfc062723c751e8b465ee728b)  -> (artifact id: '39b7947af3816ebcdbaf3439640b3806') in 0.030994 seconds
Number of updated asset objects reloaded before import = 0
Number of asset objects unloaded after import = 3
========================================================================
Received Import Request.
  Time since last request: 0.000060 seconds.
  path: Assets/Resources/Sprites/Questions/25.png
  artifactKey: Guid(0a3621ec8e9daba44a7c1f3dc1c31278) Importer(815301076,1909f56bfc062723c751e8b465ee728b)
Start importing Assets/Resources/Sprites/Questions/25.png using Guid(0a3621ec8e9daba44a7c1f3dc1c31278) Importer(815301076,1909f56bfc062723c751e8b465ee728b)  -> (artifact id: 'a638f0d6204fbe78c9339d34005615f6') in 0.035232 seconds
Number of updated asset objects reloaded before import = 0
Number of asset objects unloaded after import = 3
========================================================================
Received Import Request.
  Time since last request: 0.000032 seconds.
  path: Assets/Resources/Sprites/Questions/10.png
  artifactKey: Guid(0d27fdfcef8b6d7428da5327fe3c61a1) Importer(815301076,1909f56bfc062723c751e8b465ee728b)
Start importing Assets/Resources/Sprites/Questions/10.png using Guid(0d27fdfcef8b6d7428da5327fe3c61a1) Importer(815301076,1909f56bfc062723c751e8b465ee728b)  -> (artifact id: '9d8dd1e2e034cfdb622c2ee7b8a1846b') in 0.032807 seconds
Number of updated asset objects reloaded before import = 0
Number of asset objects unloaded after import = 3
========================================================================
Received Import Request.
  Time since last request: 0.000056 seconds.
  path: Assets/Resources/Sprites/Questions/27.png
  artifactKey: Guid(56ff54b8c15d2614784f45fd44603fc0) Importer(815301076,1909f56bfc062723c751e8b465ee728b)
Start importing Assets/Resources/Sprites/Questions/27.png using Guid(56ff54b8c15d2614784f45fd44603fc0) Importer(815301076,1909f56bfc062723c751e8b465ee728b)  -> (artifact id: '2bb3d3056f66ba2c7e2e454fa97b287c') in 0.033773 seconds
Number of updated asset objects reloaded before import = 0
Number of asset objects unloaded after import = 3
========================================================================
Received Import Request.
  Time since last request: 0.000044 seconds.
  path: Assets/Resources/Sprites/Questions/29.png
  artifactKey: Guid(3b867b98cdf381947bfac59d685c75fe) Importer(815301076,1909f56bfc062723c751e8b465ee728b)
Start importing Assets/Resources/Sprites/Questions/29.png using Guid(3b867b98cdf381947bfac59d685c75fe) Importer(815301076,1909f56bfc062723c751e8b465ee728b)  -> (artifact id: '6862fc9ffcf4f29511041eb6f190660d') in 0.032848 seconds
Number of updated asset objects reloaded before import = 0
Number of asset objects unloaded after import = 3
========================================================================
Received Import Request.
  Time since last request: 0.000020 seconds.
  path: Assets/Resources/Sprites/Questions/20.png
  artifactKey: Guid(9010e7b94828a52418b638b9c68780d1) Importer(815301076,1909f56bfc062723c751e8b465ee728b)
Start importing Assets/Resources/Sprites/Questions/20.png using Guid(9010e7b94828a52418b638b9c68780d1) Importer(815301076,1909f56bfc062723c751e8b465ee728b)  -> (artifact id: 'af50d83e7706a2b57f49edafbf68c144') in 0.029932 seconds
Number of updated asset objects reloaded before import = 0
Number of asset objects unloaded after import = 3
========================================================================
Received Import Request.
  Time since last request: 0.000027 seconds.
  path: Assets/Resources/Sprites/Questions/22.png
  artifactKey: Guid(932e7027cd2ef3d47b088396689cf49b) Importer(815301076,1909f56bfc062723c751e8b465ee728b)
Start importing Assets/Resources/Sprites/Questions/22.png using Guid(932e7027cd2ef3d47b088396689cf49b) Importer(815301076,1909f56bfc062723c751e8b465ee728b)  -> (artifact id: '98adce054692b546553e1d9bd95ca206') in 0.033943 seconds
Number of updated asset objects reloaded before import = 0
Number of asset objects unloaded after import = 3
========================================================================
Received Import Request.
  Time since last request: 0.000024 seconds.
  path: Assets/Resources/Sprites/Questions/26.png
  artifactKey: Guid(ef019ccd15cf8c84dbd172e128233df4) Importer(815301076,1909f56bfc062723c751e8b465ee728b)
Start importing Assets/Resources/Sprites/Questions/26.png using Guid(ef019ccd15cf8c84dbd172e128233df4) Importer(815301076,1909f56bfc062723c751e8b465ee728b)  -> (artifact id: 'ff521fee3322f02a0c7fddb30bca8a49') in 0.035382 seconds
Number of updated asset objects reloaded before import = 0
Number of asset objects unloaded after import = 3
========================================================================
Received Import Request.
  Time since last request: 0.000063 seconds.
  path: Assets/Resources/Sprites/Questions/17.png
  artifactKey: Guid(6c8abb870e91cf24ab5725b021000093) Importer(815301076,1909f56bfc062723c751e8b465ee728b)
Start importing Assets/Resources/Sprites/Questions/17.png using Guid(6c8abb870e91cf24ab5725b021000093) Importer(815301076,1909f56bfc062723c751e8b465ee728b)  -> (artifact id: '40e9de478098636e7e4cc3722ad2d06f') in 0.032231 seconds
Number of updated asset objects reloaded before import = 0
Number of asset objects unloaded after import = 3
========================================================================
Received Import Request.
  Time since last request: 0.000023 seconds.
  path: Assets/Resources/Sprites/Questions/15.png
  artifactKey: Guid(d67884542566bdd4985cc51ee9cce063) Importer(815301076,1909f56bfc062723c751e8b465ee728b)
Start importing Assets/Resources/Sprites/Questions/15.png using Guid(d67884542566bdd4985cc51ee9cce063) Importer(815301076,1909f56bfc062723c751e8b465ee728b)  -> (artifact id: '1fb0ad8ac21cacbaf64bee7bcd3577b1') in 0.033563 seconds
Number of updated asset objects reloaded before import = 0
Number of asset objects unloaded after import = 3
========================================================================
Received Import Request.
  Time since last request: 0.000033 seconds.
  path: Assets/Resources/Sprites/Questions/9.png
  artifactKey: Guid(189f69b94b900234ea5cda09c765c607) Importer(815301076,1909f56bfc062723c751e8b465ee728b)
Start importing Assets/Resources/Sprites/Questions/9.png using Guid(189f69b94b900234ea5cda09c765c607) Importer(815301076,1909f56bfc062723c751e8b465ee728b)  -> (artifact id: '3a46307db24712951fa6e9d9204025a9') in 0.037596 seconds
Number of updated asset objects reloaded before import = 0
Number of asset objects unloaded after import = 3
========================================================================
Received Import Request.
  Time since last request: 0.000022 seconds.
  path: Assets/Resources/Sprites/Questions/8.png
  artifactKey: Guid(5e43ed6d1df23e54a97d992d615dc678) Importer(815301076,1909f56bfc062723c751e8b465ee728b)
Start importing Assets/Resources/Sprites/Questions/8.png using Guid(5e43ed6d1df23e54a97d992d615dc678) Importer(815301076,1909f56bfc062723c751e8b465ee728b)  -> (artifact id: '41994ddd5156adf616050ede9711ccc2') in 0.038394 seconds
Number of updated asset objects reloaded before import = 0
Number of asset objects unloaded after import = 3
========================================================================
Received Import Request.
  Time since last request: 352.722045 seconds.
  path: Assets/Resources/Sprites/Questions/15.png
  artifactKey: Guid(d67884542566bdd4985cc51ee9cce063) Importer(815301076,1909f56bfc062723c751e8b465ee728b)
Start importing Assets/Resources/Sprites/Questions/15.png using Guid(d67884542566bdd4985cc51ee9cce063) Importer(815301076,1909f56bfc062723c751e8b465ee728b)  -> (artifact id: 'd2de54732b0108efc454e6b77305af93') in 0.024296 seconds
Number of updated asset objects reloaded before import = 0
Number of asset objects unloaded after import = 3
========================================================================
Received Import Request.
  Time since last request: 443.379656 seconds.
  path: Assets/Resources/Sprites/Questions/41.png
  artifactKey: Guid(8c06482d8c8cd6a40886e946dcfc4ac7) Importer(815301076,1909f56bfc062723c751e8b465ee728b)
Start importing Assets/Resources/Sprites/Questions/41.png using Guid(8c06482d8c8cd6a40886e946dcfc4ac7) Importer(815301076,1909f56bfc062723c751e8b465ee728b)  -> (artifact id: 'eb1a95fde5857c7404001e5c6453fdc0') in 0.030774 seconds
Number of updated asset objects reloaded before import = 0
Number of asset objects unloaded after import = 3
========================================================================
Received Import Request.
  Time since last request: 0.561543 seconds.
  path: Assets/Resources/Sprites/Questions/42.png
  artifactKey: Guid(b627a2f0a385085438ab47e70207f16b) Importer(815301076,1909f56bfc062723c751e8b465ee728b)
Start importing Assets/Resources/Sprites/Questions/42.png using Guid(b627a2f0a385085438ab47e70207f16b) Importer(815301076,1909f56bfc062723c751e8b465ee728b)  -> (artifact id: '1255e24072f5d04a4a1aeebd76d9cbea') in 0.021425 seconds
Number of updated asset objects reloaded before import = 0
Number of asset objects unloaded after import = 3
========================================================================
Received Import Request.
  Time since last request: 100.834378 seconds.
  path: Assets/Resources/Sprites/Questions/49.png
  artifactKey: Guid(b9ded32b8cc9c2244bf499ec44ade672) Importer(815301076,1909f56bfc062723c751e8b465ee728b)
Start importing Assets/Resources/Sprites/Questions/49.png using Guid(b9ded32b8cc9c2244bf499ec44ade672) Importer(815301076,1909f56bfc062723c751e8b465ee728b)  -> (artifact id: 'c56d4e3d82c006682e365ca9b25dca9a') in 0.020137 seconds
Number of updated asset objects reloaded before import = 0
Number of asset objects unloaded after import = 3
========================================================================
Received Import Request.
  Time since last request: 0.280941 seconds.
  path: Assets/Resources/Sprites/Questions/48.png
  artifactKey: Guid(d7747f83ba2e398489979b968fa9ca06) Importer(815301076,1909f56bfc062723c751e8b465ee728b)
Start importing Assets/Resources/Sprites/Questions/48.png using Guid(d7747f83ba2e398489979b968fa9ca06) Importer(815301076,1909f56bfc062723c751e8b465ee728b)  -> (artifact id: '9df665527e49eacbb0fd1239241203aa') in 0.021176 seconds
Number of updated asset objects reloaded before import = 0
Number of asset objects unloaded after import = 3
========================================================================
Received Import Request.
  Time since last request: 28.068817 seconds.
  path: Assets/Resources/Sprites/Questions/50.png
  artifactKey: Guid(e5080789bf8669a42958a11657b64cd1) Importer(815301076,1909f56bfc062723c751e8b465ee728b)
Start importing Assets/Resources/Sprites/Questions/50.png using Guid(e5080789bf8669a42958a11657b64cd1) Importer(815301076,1909f56bfc062723c751e8b465ee728b)  -> (artifact id: 'e83beda2f4afe8af7d89b4a8b2af11ce') in 0.021367 seconds
Number of updated asset objects reloaded before import = 0
Number of asset objects unloaded after import = 3
========================================================================
Received Prepare
Begin MonoManager ReloadAssembly
- Loaded All Assemblies, in  1.280 seconds
Refreshing native plugins compatible for Editor in 12.05 ms, found 4 plugins.
Native extension for WindowsStandalone target not found
Native extension for Android target not found
[Package Manager] Server::EnsureServerProcessIsRunning -- launch failed, reason: Unity was launched with the -noUpm command-line argument
[Package Manager] UpmClient::Send -- Unable to send message (not connected to UPM process).
[Package Manager] Cannot connect to Unity Package Manager local server
Mono: successfully reloaded assembly
- Finished resetting the current domain, in  3.006 seconds
Domain Reload Profiling: 4286ms
	BeginReloadAssembly (313ms)
		ExecutionOrderSort (0ms)
		DisableScriptedObjects (35ms)
		BackupInstance (0ms)
		ReleaseScriptingObjects (0ms)
		CreateAndSetChildDomain (125ms)
	RebuildCommonClasses (29ms)
	RebuildNativeTypeToScriptingClass (10ms)
	initialDomainReloadingComplete (29ms)
	LoadAllAssembliesAndSetupDomain (899ms)
		LoadAssemblies (933ms)
		RebuildTransferFunctionScriptingTraits (0ms)
		AnalyzeDomain (63ms)
			TypeCache.Refresh (40ms)
				TypeCache.ScanAssembly (0ms)
			ScanForSourceGeneratedMonoScriptInfo (1ms)
			ResolveRequiredComponents (20ms)
	FinalizeReload (3007ms)
		ReleaseScriptCaches (0ms)
		RebuildScriptCaches (0ms)
		SetupLoadedEditorAssemblies (1160ms)
			LogAssemblyErrors (0ms)
			InitializePlatformSupportModulesInManaged (82ms)
			SetLoadedEditorAssemblies (17ms)
			RefreshPlugins (0ms)
			BeforeProcessingInitializeOnLoad (188ms)
			ProcessInitializeOnLoadAttributes (755ms)
			ProcessInitializeOnLoadMethodAttributes (101ms)
			AfterProcessingInitializeOnLoad (15ms)
			EditorAssembliesLoaded (2ms)
		ExecutionOrderSort2 (0ms)
		AwakeInstancesAfterBackupRestoration (34ms)
Refreshing native plugins compatible for Editor in 10.73 ms, found 4 plugins.
Preloading 0 native plugins for Editor in 0.00 ms.
Unloading 4075 Unused Serialized files (Serialized files now loaded: 0)
Unloading 42 unused Assets / (217.0 KB). Loaded Objects now: 4600.
Memory consumption went from 152.0 MB to 151.8 MB.
Total: 15.487600 ms (FindLiveObjects: 0.503700 ms CreateObjectMapping: 0.560800 ms MarkObjects: 13.375000 ms  DeleteObjects: 1.037800 ms)

Prepare: number of updated asset objects reloaded= 0
AssetImportParameters requested are different than current active one (requested -> active):
  custom:container-demuxer-ogg: 62fdf1f143b41e24485cea50d1cbac27 -> 
  custom:video-codec-MediaFoundation-h265: 746d11721c4dcdbdad8f713fa42b33f4 -> 
  custom:video-decoder-ogg-theora: a1e56fd34408186e4bbccfd4996cb3dc -> 
  custom:framework-win-MediaFoundation: 216162199b28c13a410421893ffa2e32 -> 
  custom:CustomObjectIndexerAttribute: 6d391050e5a25f67b0a2c618074f2cd9 -> 
  custom:container-demuxer-webm: 4f35f7cbe854078d1ac9338744f61a02 -> 
  custom:container-muxer-webm: aa71ff27fc2769a1b78a27578f13a17b -> 
  custom:video-decoder-webm-vp8: 9c59270c3fd7afecdb556c50c9e8de78 -> 
  custom:SearchIndexIgnoredProperties: e643bd26f0fe6173181afceb89e7c659 -> 
  custom:AudioImporter_EditorPlatform: d09bf68614088b80899f8185d706f6e7 -> 
  custom:video-encoder-webm-vp8: eb34c28f22e8b96e1ab97ce403110664 -> 
  custom:audio-decoder-ogg-vorbis: bf7c407c2cedff20999df2af8eb42d56 -> 
  custom:audio-encoder-webm-vorbis: bf7c407c2cedff20999df2af8eb42d56 -> 
========================================================================
Received Import Request.
  Time since last request: 107.132874 seconds.
  path: Assets/Resources/Questions/Question 49.asset
  artifactKey: Guid(9a16ff77b11673c4dabe0b4868038ef2) Importer(815301076,1909f56bfc062723c751e8b465ee728b)
Start importing Assets/Resources/Questions/Question 49.asset using Guid(9a16ff77b11673c4dabe0b4868038ef2) Importer(815301076,1909f56bfc062723c751e8b465ee728b)  -> (artifact id: 'b04ee9a4a4f93cd0cecf71733189ca6b') in 0.012653 seconds
Number of updated asset objects reloaded before import = 0
Number of asset objects unloaded after import = 2
