Using pre-set license
Built from '2022.3/staging' branch; Version is '2022.3.17f1 (4fc78088f837) revision 5228416'; Using compiler version '192829333'; Build Type 'Release'
OS: 'Windows 11  (10.0.22631) 64bit Professional' Language: 'tr' Physical Memory: 7979 MB
BatchMode: 1, IsHumanControllingUs: 0, StartBugReporterOnCrash: 0, Is64bit: 1, IsPro: 1

COMMAND LINE ARGUMENTS:
C:\Program Files\Unity\Hub\Editor\2022.3.17f1\Editor\Unity.exe
-adb2
-batchMode
-noUpm
-name
AssetImportWorker0
-projectPath
C:/Users/Haldun Altuntop/HBF/Mendel/Mendel
-logFile
Logs/AssetImportWorker0.log
-srvPort
53653
Successfully changed project path to: C:/Users/Haldun Altuntop/HBF/Mendel/Mendel
C:/Users/Haldun Altuntop/HBF/Mendel/Mendel
[UnityMemory] Configuration Parameters - Can be set up in boot.config
    "memorysetup-bucket-allocator-granularity=16"
    "memorysetup-bucket-allocator-bucket-count=8"
    "memorysetup-bucket-allocator-block-size=33554432"
    "memorysetup-bucket-allocator-block-count=8"
    "memorysetup-main-allocator-block-size=16777216"
    "memorysetup-thread-allocator-block-size=16777216"
    "memorysetup-gfx-main-allocator-block-size=16777216"
    "memorysetup-gfx-thread-allocator-block-size=16777216"
    "memorysetup-cache-allocator-block-size=4194304"
    "memorysetup-typetree-allocator-block-size=2097152"
    "memorysetup-profiler-bucket-allocator-granularity=16"
    "memorysetup-profiler-bucket-allocator-bucket-count=8"
    "memorysetup-profiler-bucket-allocator-block-size=33554432"
    "memorysetup-profiler-bucket-allocator-block-count=8"
    "memorysetup-profiler-allocator-block-size=16777216"
    "memorysetup-profiler-editor-allocator-block-size=1048576"
    "memorysetup-temp-allocator-size-main=16777216"
    "memorysetup-job-temp-allocator-block-size=2097152"
    "memorysetup-job-temp-allocator-block-size-background=1048576"
    "memorysetup-job-temp-allocator-reduction-small-platforms=262144"
    "memorysetup-allocator-temp-initial-block-size-main=262144"
    "memorysetup-allocator-temp-initial-block-size-worker=262144"
    "memorysetup-temp-allocator-size-background-worker=32768"
    "memorysetup-temp-allocator-size-job-worker=262144"
    "memorysetup-temp-allocator-size-preload-manager=33554432"
    "memorysetup-temp-allocator-size-nav-mesh-worker=65536"
    "memorysetup-temp-allocator-size-audio-worker=65536"
    "memorysetup-temp-allocator-size-cloud-worker=32768"
    "memorysetup-temp-allocator-size-gi-baking-worker=262144"
    "memorysetup-temp-allocator-size-gfx=262144"
Player connection [12396] Host "[IP] 172.20.10.13 [Port] 0 [Flags] 2 [Guid] 976944067 [EditorId] 976944067 [Version] 1048832 [Id] WindowsEditor(7,DESKTOP-SJPAVJ4) [Debug] 1 [PackageName] WindowsEditor [ProjectName] Editor" joined multi-casting on [225.0.0.222:54997]...

Player connection [12396] Host "[IP] 172.20.10.13 [Port] 0 [Flags] 2 [Guid] 976944067 [EditorId] 976944067 [Version] 1048832 [Id] WindowsEditor(7,DESKTOP-SJPAVJ4) [Debug] 1 [PackageName] WindowsEditor [ProjectName] Editor" joined alternative multi-casting on [225.0.0.222:34997]...

[Physics::Module] Initialized MultithreadedJobDispatcher with 11 workers.
Refreshing native plugins compatible for Editor in 1786.11 ms, found 4 plugins.
Preloading 0 native plugins for Editor in 0.00 ms.
Initialize engine version: 2022.3.17f1 (4fc78088f837)
[Subsystems] Discovering subsystems at path C:/Program Files/Unity/Hub/Editor/2022.3.17f1/Editor/Data/Resources/UnitySubsystems
[Subsystems] Discovering subsystems at path C:/Users/Haldun Altuntop/HBF/Mendel/Mendel/Assets
GfxDevice: creating device client; threaded=0; jobified=0
Direct3D:
    Version:  Direct3D 11.0 [level 11.1]
    Renderer: Intel(R) UHD Graphics 730 (ID=0x4c8b)
    Vendor:   Intel
    VRAM:     3989 MB
    Driver:   31.0.101.5186
Initialize mono
Mono path[0] = 'C:/Program Files/Unity/Hub/Editor/2022.3.17f1/Editor/Data/Managed'
Mono path[1] = 'C:/Program Files/Unity/Hub/Editor/2022.3.17f1/Editor/Data/MonoBleedingEdge/lib/mono/unityjit-win32'
Mono config path = 'C:/Program Files/Unity/Hub/Editor/2022.3.17f1/Editor/Data/MonoBleedingEdge/etc'
Using monoOptions --debugger-agent=transport=dt_socket,embedding=1,server=y,suspend=n,address=127.0.0.1:56448
Begin MonoManager ReloadAssembly
Registering precompiled unity dll's ...
Register platform support module: C:/Program Files/Unity/Hub/Editor/2022.3.17f1/Editor/Data/PlaybackEngines/AndroidPlayer/UnityEditor.Android.Extensions.dll
Register platform support module: C:/Program Files/Unity/Hub/Editor/2022.3.17f1/Editor/Data/PlaybackEngines/WindowsStandaloneSupport/UnityEditor.WindowsStandalone.Extensions.dll
Registered in 0.311303 seconds.
- Loaded All Assemblies, in  4.089 seconds
Native extension for WindowsStandalone target not found
Native extension for Android target not found
Android Extension - Scanning For ADB Devices 230 ms
Mono: successfully reloaded assembly
- Finished resetting the current domain, in  0.651 seconds
Domain Reload Profiling: 4740ms
	BeginReloadAssembly (3006ms)
		ExecutionOrderSort (0ms)
		DisableScriptedObjects (0ms)
		BackupInstance (0ms)
		ReleaseScriptingObjects (0ms)
		CreateAndSetChildDomain (1ms)
	RebuildCommonClasses (31ms)
	RebuildNativeTypeToScriptingClass (9ms)
	initialDomainReloadingComplete (365ms)
	LoadAllAssembliesAndSetupDomain (677ms)
		LoadAssemblies (3007ms)
		RebuildTransferFunctionScriptingTraits (0ms)
		AnalyzeDomain (674ms)
			TypeCache.Refresh (673ms)
				TypeCache.ScanAssembly (658ms)
			ScanForSourceGeneratedMonoScriptInfo (0ms)
			ResolveRequiredComponents (0ms)
	FinalizeReload (652ms)
		ReleaseScriptCaches (0ms)
		RebuildScriptCaches (0ms)
		SetupLoadedEditorAssemblies (605ms)
			LogAssemblyErrors (0ms)
			InitializePlatformSupportModulesInManaged (439ms)
			SetLoadedEditorAssemblies (3ms)
			RefreshPlugins (0ms)
			BeforeProcessingInitializeOnLoad (2ms)
			ProcessInitializeOnLoadAttributes (111ms)
			ProcessInitializeOnLoadMethodAttributes (49ms)
			AfterProcessingInitializeOnLoad (0ms)
			EditorAssembliesLoaded (0ms)
		ExecutionOrderSort2 (0ms)
		AwakeInstancesAfterBackupRestoration (0ms)
========================================================================
Worker process is ready to serve import requests
Begin MonoManager ReloadAssembly
- Loaded All Assemblies, in  0.964 seconds
Refreshing native plugins compatible for Editor in 6.74 ms, found 4 plugins.
Native extension for WindowsStandalone target not found
Native extension for Android target not found
Package Manager log level set to [2]
[Package Manager] Server::EnsureServerProcessIsRunning -- launch failed, reason: Unity was launched with the -noUpm command-line argument
[Package Manager] UpmClient::Send -- Unable to send message (not connected to UPM process).
[Package Manager] Cannot connect to Unity Package Manager local server
Mono: successfully reloaded assembly
- Finished resetting the current domain, in  0.546 seconds
Domain Reload Profiling: 1508ms
	BeginReloadAssembly (120ms)
		ExecutionOrderSort (0ms)
		DisableScriptedObjects (4ms)
		BackupInstance (0ms)
		ReleaseScriptingObjects (0ms)
		CreateAndSetChildDomain (18ms)
	RebuildCommonClasses (26ms)
	RebuildNativeTypeToScriptingClass (8ms)
	initialDomainReloadingComplete (34ms)
	LoadAllAssembliesAndSetupDomain (774ms)
		LoadAssemblies (663ms)
		RebuildTransferFunctionScriptingTraits (0ms)
		AnalyzeDomain (183ms)
			TypeCache.Refresh (160ms)
				TypeCache.ScanAssembly (140ms)
			ScanForSourceGeneratedMonoScriptInfo (18ms)
			ResolveRequiredComponents (5ms)
	FinalizeReload (546ms)
		ReleaseScriptCaches (0ms)
		RebuildScriptCaches (0ms)
		SetupLoadedEditorAssemblies (411ms)
			LogAssemblyErrors (0ms)
			InitializePlatformSupportModulesInManaged (26ms)
			SetLoadedEditorAssemblies (3ms)
			RefreshPlugins (0ms)
			BeforeProcessingInitializeOnLoad (76ms)
			ProcessInitializeOnLoadAttributes (270ms)
			ProcessInitializeOnLoadMethodAttributes (30ms)
			AfterProcessingInitializeOnLoad (5ms)
			EditorAssembliesLoaded (0ms)
		ExecutionOrderSort2 (0ms)
		AwakeInstancesAfterBackupRestoration (5ms)
Launched and connected shader compiler UnityShaderCompiler.exe after 0.06 seconds
Refreshing native plugins compatible for Editor in 3.75 ms, found 4 plugins.
Preloading 0 native plugins for Editor in 0.00 ms.
Unloading 4095 Unused Serialized files (Serialized files now loaded: 0)
Unloading 70 unused Assets / (244.8 KB). Loaded Objects now: 4554.
Memory consumption went from 155.3 MB to 155.1 MB.
Total: 4.270100 ms (FindLiveObjects: 0.354500 ms CreateObjectMapping: 0.216700 ms MarkObjects: 3.303300 ms  DeleteObjects: 0.393900 ms)

AssetImportParameters requested are different than current active one (requested -> active):
  custom:container-demuxer-ogg: 62fdf1f143b41e24485cea50d1cbac27 -> 
  custom:video-codec-MediaFoundation-h265: 746d11721c4dcdbdad8f713fa42b33f4 -> 
  custom:video-decoder-ogg-theora: a1e56fd34408186e4bbccfd4996cb3dc -> 
  custom:framework-win-MediaFoundation: 216162199b28c13a410421893ffa2e32 -> 
  custom:CustomObjectIndexerAttribute: 6d391050e5a25f67b0a2c618074f2cd9 -> 
  custom:container-demuxer-webm: 4f35f7cbe854078d1ac9338744f61a02 -> 
  custom:container-muxer-webm: aa71ff27fc2769a1b78a27578f13a17b -> 
  custom:video-decoder-webm-vp8: 9c59270c3fd7afecdb556c50c9e8de78 -> 
  custom:SearchIndexIgnoredProperties: e643bd26f0fe6173181afceb89e7c659 -> 
  custom:AudioImporter_EditorPlatform: d09bf68614088b80899f8185d706f6e7 -> 
  custom:video-encoder-webm-vp8: eb34c28f22e8b96e1ab97ce403110664 -> 
  custom:audio-decoder-ogg-vorbis: bf7c407c2cedff20999df2af8eb42d56 -> 
  custom:audio-encoder-webm-vorbis: bf7c407c2cedff20999df2af8eb42d56 -> 
========================================================================
Received Import Request.
  Time since last request: 433684.257947 seconds.
  path: Assets/Resources/Questions/QuestionTest 2.asset
  artifactKey: Guid(86c9605e4002b1449b79019f733d41ee) Importer(815301076,1909f56bfc062723c751e8b465ee728b)
Start importing Assets/Resources/Questions/QuestionTest 2.asset using Guid(86c9605e4002b1449b79019f733d41ee) Importer(815301076,1909f56bfc062723c751e8b465ee728b)  -> (artifact id: '70dc34aa27f8d996e78222cb87c46f74') in 0.014829 seconds
Number of updated asset objects reloaded before import = 0
Number of asset objects unloaded after import = 2
========================================================================
Received Import Request.
  Time since last request: 6.665250 seconds.
  path: Assets/Resources/Questions/Question.asset
  artifactKey: Guid(95194c90e8979574b9c6ea782ab2a44f) Importer(815301076,1909f56bfc062723c751e8b465ee728b)
Start importing Assets/Resources/Questions/Question.asset using Guid(95194c90e8979574b9c6ea782ab2a44f) Importer(815301076,1909f56bfc062723c751e8b465ee728b)  -> (artifact id: 'a185bc36c7ff247e79494ac0f51f9e4e') in 0.001018 seconds
Number of updated asset objects reloaded before import = 0
Number of asset objects unloaded after import = 1
========================================================================
Received Import Request.
  Time since last request: 42.571784 seconds.
  path: Assets/Resources/Sprites/Questions
  artifactKey: Guid(534582dc7dc8d9a4aa09dfba68e2b830) Importer(815301076,1909f56bfc062723c751e8b465ee728b)
Start importing Assets/Resources/Sprites/Questions using Guid(534582dc7dc8d9a4aa09dfba68e2b830) Importer(815301076,1909f56bfc062723c751e8b465ee728b)  -> (artifact id: '1c38c42121001a30102dd9c23558a002') in 0.000574 seconds
Number of updated asset objects reloaded before import = 0
Number of asset objects unloaded after import = 0
========================================================================
Received Import Request.
  Time since last request: 6.697090 seconds.
  path: Assets/Resources/Sprites/Story
  artifactKey: Guid(5e277465e674d074f96ce75a5d319ef0) Importer(815301076,1909f56bfc062723c751e8b465ee728b)
Start importing Assets/Resources/Sprites/Story using Guid(5e277465e674d074f96ce75a5d319ef0) Importer(815301076,1909f56bfc062723c751e8b465ee728b)  -> (artifact id: '9257fdf578170b6502bececb40e4e468') in 0.000620 seconds
Number of updated asset objects reloaded before import = 0
Number of asset objects unloaded after import = 0
========================================================================
Received Import Request.
  Time since last request: 6.180523 seconds.
  path: Assets/Resources/Sprites
  artifactKey: Guid(633b641ade68bb442a541f0fcbde2ba0) Importer(815301076,1909f56bfc062723c751e8b465ee728b)
Start importing Assets/Resources/Sprites using Guid(633b641ade68bb442a541f0fcbde2ba0) Importer(815301076,1909f56bfc062723c751e8b465ee728b)  -> (artifact id: 'e9c4aa50d07435f5aa8a858f2493fba3') in 0.000595 seconds
Number of updated asset objects reloaded before import = 0
Number of asset objects unloaded after import = 0
========================================================================
Received Import Request.
  Time since last request: 50.395928 seconds.
  path: Assets/Resources/Sprites/Questions/image.png
  artifactKey: Guid(ae8097805102e464d80d6fdd41f1de49) Importer(815301076,1909f56bfc062723c751e8b465ee728b)
Start importing Assets/Resources/Sprites/Questions/image.png using Guid(ae8097805102e464d80d6fdd41f1de49) Importer(815301076,1909f56bfc062723c751e8b465ee728b)  -> (artifact id: '6020d2b40dc96c4411723dc16247cea3') in 0.070068 seconds
Number of updated asset objects reloaded before import = 0
Number of asset objects unloaded after import = 3
========================================================================
Received Import Request.
  Time since last request: 11.050793 seconds.
  path: Assets/Resources/Sprites/Story/1.png
  artifactKey: Guid(c9a05414264182c46a3c99413dc9baac) Importer(815301076,1909f56bfc062723c751e8b465ee728b)
Start importing Assets/Resources/Sprites/Story/1.png using Guid(c9a05414264182c46a3c99413dc9baac) Importer(815301076,1909f56bfc062723c751e8b465ee728b)  -> (artifact id: '12141a94a321c132b20ccfdee216cd6b') in 0.022242 seconds
Number of updated asset objects reloaded before import = 0
Number of asset objects unloaded after import = 3
========================================================================
Received Import Request.
  Time since last request: 0.000029 seconds.
  path: Assets/Resources/Sprites/Story/3.png
  artifactKey: Guid(d5c1a0b7847b1004e901562966d8f3fc) Importer(815301076,1909f56bfc062723c751e8b465ee728b)
Start importing Assets/Resources/Sprites/Story/3.png using Guid(d5c1a0b7847b1004e901562966d8f3fc) Importer(815301076,1909f56bfc062723c751e8b465ee728b)  -> (artifact id: '17e3b73623ee9b902bff8b9e36d296a9') in 0.026452 seconds
Number of updated asset objects reloaded before import = 0
Number of asset objects unloaded after import = 3
========================================================================
Received Import Request.
  Time since last request: 0.000026 seconds.
  path: Assets/Resources/Sprites/Enemy/Enemy3.png
  artifactKey: Guid(4df96cb6d57925a4d8b9bcc3b99f6d0c) Importer(815301076,1909f56bfc062723c751e8b465ee728b)
Start importing Assets/Resources/Sprites/Enemy/Enemy3.png using Guid(4df96cb6d57925a4d8b9bcc3b99f6d0c) Importer(815301076,1909f56bfc062723c751e8b465ee728b)  -> (artifact id: 'e156cd61c29d7569f41ab928698ccc9d') in 0.032519 seconds
Number of updated asset objects reloaded before import = 0
Number of asset objects unloaded after import = 3
========================================================================
Received Import Request.
  Time since last request: 0.000026 seconds.
  path: Assets/Resources/Sprites/SpaceShip/Sol/sol-2.gif
  artifactKey: Guid(b5844803f012c03478a9ab9527855bd2) Importer(815301076,1909f56bfc062723c751e8b465ee728b)
Start importing Assets/Resources/Sprites/SpaceShip/Sol/sol-2.gif using Guid(b5844803f012c03478a9ab9527855bd2) Importer(815301076,1909f56bfc062723c751e8b465ee728b)  -> (artifact id: 'd4faf92860ad474e9ac0469d4498c72e') in 0.033705 seconds
Number of updated asset objects reloaded before import = 0
Number of asset objects unloaded after import = 3
========================================================================
Received Import Request.
  Time since last request: 0.000038 seconds.
  path: Assets/Resources/Sprites/SpaceShip/Sol/sol-1.gif
  artifactKey: Guid(9a2667ac22e603946a62ffbb80ef961a) Importer(815301076,1909f56bfc062723c751e8b465ee728b)
Start importing Assets/Resources/Sprites/SpaceShip/Sol/sol-1.gif using Guid(9a2667ac22e603946a62ffbb80ef961a) Importer(815301076,1909f56bfc062723c751e8b465ee728b)  -> (artifact id: '63e8d3528dd430b1e29562da6c192dbe') in 0.029655 seconds
Number of updated asset objects reloaded before import = 0
Number of asset objects unloaded after import = 3
========================================================================
Received Import Request.
  Time since last request: 0.000028 seconds.
  path: Assets/Resources/Sprites/SpaceShip/Sol/sol-5.gif
  artifactKey: Guid(02c23f585d99fb142862bd1174a879d9) Importer(815301076,1909f56bfc062723c751e8b465ee728b)
Start importing Assets/Resources/Sprites/SpaceShip/Sol/sol-5.gif using Guid(02c23f585d99fb142862bd1174a879d9) Importer(815301076,1909f56bfc062723c751e8b465ee728b)  -> (artifact id: 'cd725f7a117570b026fbf49e972690b7') in 0.017858 seconds
Number of updated asset objects reloaded before import = 0
Number of asset objects unloaded after import = 3
========================================================================
Received Import Request.
  Time since last request: 0.000023 seconds.
  path: Assets/Resources/Sprites/Questions/demo.png
  artifactKey: Guid(dc49d8d8dbe875a41aa9366f3849f38b) Importer(815301076,1909f56bfc062723c751e8b465ee728b)
Start importing Assets/Resources/Sprites/Questions/demo.png using Guid(dc49d8d8dbe875a41aa9366f3849f38b) Importer(815301076,1909f56bfc062723c751e8b465ee728b)  -> (artifact id: 'f3f348771de3b8f4853a51c345346b9f') in 0.033740 seconds
Number of updated asset objects reloaded before import = 0
Number of asset objects unloaded after import = 3
========================================================================
Received Import Request.
  Time since last request: 0.000024 seconds.
  path: Assets/Resources/Sprites/SpaceShip/Sag/sag-1.gif
  artifactKey: Guid(a3c2195989224234da74198ae9283fd7) Importer(815301076,1909f56bfc062723c751e8b465ee728b)
Start importing Assets/Resources/Sprites/SpaceShip/Sag/sag-1.gif using Guid(a3c2195989224234da74198ae9283fd7) Importer(815301076,1909f56bfc062723c751e8b465ee728b)  -> (artifact id: '3eb5becd7e33620349c3c6ad47e59eca') in 0.013358 seconds
Number of updated asset objects reloaded before import = 0
Number of asset objects unloaded after import = 3
========================================================================
Received Import Request.
  Time since last request: 0.000089 seconds.
  path: Assets/Resources/Sprites/Enemy/Enemy2.png
  artifactKey: Guid(6329cd3ba1d30ae4885ec07ad0e93644) Importer(815301076,1909f56bfc062723c751e8b465ee728b)
Start importing Assets/Resources/Sprites/Enemy/Enemy2.png using Guid(6329cd3ba1d30ae4885ec07ad0e93644) Importer(815301076,1909f56bfc062723c751e8b465ee728b)  -> (artifact id: '8f5eba02972627ab44aeec78924cf748') in 0.025243 seconds
Number of updated asset objects reloaded before import = 0
Number of asset objects unloaded after import = 3
========================================================================
Received Import Request.
  Time since last request: 0.000041 seconds.
  path: Assets/Resources/Sprites/SpaceShip/Sag/sag-5.gif
  artifactKey: Guid(5bd11736532f0dc448fc7db96e7d43d4) Importer(815301076,1909f56bfc062723c751e8b465ee728b)
Start importing Assets/Resources/Sprites/SpaceShip/Sag/sag-5.gif using Guid(5bd11736532f0dc448fc7db96e7d43d4) Importer(815301076,1909f56bfc062723c751e8b465ee728b)  -> (artifact id: 'e6bf264f68b29949cdd6d5622c607ce8') in 0.020398 seconds
Number of updated asset objects reloaded before import = 0
Number of asset objects unloaded after import = 3
========================================================================
Received Import Request.
  Time since last request: 0.000043 seconds.
  path: Assets/Resources/Sprites/SpaceShip/Sol/sol-4.gif
  artifactKey: Guid(a64a82018ff62554e8d24d14ba2a9d03) Importer(815301076,1909f56bfc062723c751e8b465ee728b)
Start importing Assets/Resources/Sprites/SpaceShip/Sol/sol-4.gif using Guid(a64a82018ff62554e8d24d14ba2a9d03) Importer(815301076,1909f56bfc062723c751e8b465ee728b)  -> (artifact id: '7fcb77f4a964319233a633c547e50713') in 0.018049 seconds
Number of updated asset objects reloaded before import = 0
Number of asset objects unloaded after import = 3
========================================================================
Received Import Request.
  Time since last request: 5481.563607 seconds.
  path: Assets/Resources/Sprites/Questions/7.png
  artifactKey: Guid(b8a06749457ce6d45b0d4862dca9b00e) Importer(815301076,1909f56bfc062723c751e8b465ee728b)
Start importing Assets/Resources/Sprites/Questions/7.png using Guid(b8a06749457ce6d45b0d4862dca9b00e) Importer(815301076,1909f56bfc062723c751e8b465ee728b)  -> (artifact id: '1d93023376bddc155d53b7b9d88d6798') in 0.112917 seconds
Number of updated asset objects reloaded before import = 0
Number of asset objects unloaded after import = 3
========================================================================
Received Import Request.
  Time since last request: 0.000075 seconds.
  path: Assets/Resources/Sprites/Questions/11.png
  artifactKey: Guid(b7e22d9dd84a57a428b5258a232a0b6e) Importer(815301076,1909f56bfc062723c751e8b465ee728b)
Start importing Assets/Resources/Sprites/Questions/11.png using Guid(b7e22d9dd84a57a428b5258a232a0b6e) Importer(815301076,1909f56bfc062723c751e8b465ee728b)  -> (artifact id: '3b2725a8a8efa3c3bc94130b689c3170') in 0.033543 seconds
Number of updated asset objects reloaded before import = 0
Number of asset objects unloaded after import = 3
========================================================================
Received Import Request.
  Time since last request: 0.000110 seconds.
  path: Assets/Resources/Sprites/Questions/12.png
  artifactKey: Guid(7aeb58548047165468ad70e5f0dca0a3) Importer(815301076,1909f56bfc062723c751e8b465ee728b)
Start importing Assets/Resources/Sprites/Questions/12.png using Guid(7aeb58548047165468ad70e5f0dca0a3) Importer(815301076,1909f56bfc062723c751e8b465ee728b)  -> (artifact id: '80bb772bf8dc0db447769be722bd023c') in 0.035088 seconds
Number of updated asset objects reloaded before import = 0
Number of asset objects unloaded after import = 3
========================================================================
Received Import Request.
  Time since last request: 0.000021 seconds.
  path: Assets/Resources/Sprites/Questions/18.png
  artifactKey: Guid(2b1b1ce6e35725b409a60fb13938981e) Importer(815301076,1909f56bfc062723c751e8b465ee728b)
Start importing Assets/Resources/Sprites/Questions/18.png using Guid(2b1b1ce6e35725b409a60fb13938981e) Importer(815301076,1909f56bfc062723c751e8b465ee728b)  -> (artifact id: '177fd730ec7def1c9f14b23a7965e1ff') in 0.033752 seconds
Number of updated asset objects reloaded before import = 0
Number of asset objects unloaded after import = 3
========================================================================
Received Import Request.
  Time since last request: 0.000052 seconds.
  path: Assets/Resources/Sprites/Questions/28.png
  artifactKey: Guid(e0961e31185455641bd6c3cc991340f6) Importer(815301076,1909f56bfc062723c751e8b465ee728b)
Start importing Assets/Resources/Sprites/Questions/28.png using Guid(e0961e31185455641bd6c3cc991340f6) Importer(815301076,1909f56bfc062723c751e8b465ee728b)  -> (artifact id: '85f173e17e6f76c7d02d6a720b75cc33') in 0.032405 seconds
Number of updated asset objects reloaded before import = 0
Number of asset objects unloaded after import = 3
========================================================================
Received Import Request.
  Time since last request: 0.000032 seconds.
  path: Assets/Resources/Sprites/Questions/24.png
  artifactKey: Guid(e51a21034f46d23469cc1ec8f7120835) Importer(815301076,1909f56bfc062723c751e8b465ee728b)
Start importing Assets/Resources/Sprites/Questions/24.png using Guid(e51a21034f46d23469cc1ec8f7120835) Importer(815301076,1909f56bfc062723c751e8b465ee728b)  -> (artifact id: 'eeb8ed1946f6e7cb3c1654faffd191b0') in 0.033359 seconds
Number of updated asset objects reloaded before import = 0
Number of asset objects unloaded after import = 3
========================================================================
Received Import Request.
  Time since last request: 0.000049 seconds.
  path: Assets/Resources/Sprites/Questions/23.png
  artifactKey: Guid(79fd0bae87b0dbd40a4c5d9e2dfd0dd7) Importer(815301076,1909f56bfc062723c751e8b465ee728b)
Start importing Assets/Resources/Sprites/Questions/23.png using Guid(79fd0bae87b0dbd40a4c5d9e2dfd0dd7) Importer(815301076,1909f56bfc062723c751e8b465ee728b)  -> (artifact id: '05217072e86657599ce16c6434c4fc4b') in 0.034006 seconds
Number of updated asset objects reloaded before import = 0
Number of asset objects unloaded after import = 3
========================================================================
Received Import Request.
  Time since last request: 0.000042 seconds.
  path: Assets/Resources/Sprites/Questions/16.png
  artifactKey: Guid(712f699ee45b06d438e16a5bc0d8dad9) Importer(815301076,1909f56bfc062723c751e8b465ee728b)
Start importing Assets/Resources/Sprites/Questions/16.png using Guid(712f699ee45b06d438e16a5bc0d8dad9) Importer(815301076,1909f56bfc062723c751e8b465ee728b)  -> (artifact id: 'a2b21790720c21a0790d487ac7a2fe7d') in 0.031633 seconds
Number of updated asset objects reloaded before import = 0
Number of asset objects unloaded after import = 3
========================================================================
Received Import Request.
  Time since last request: 0.000028 seconds.
  path: Assets/Resources/Sprites/Questions/19.png
  artifactKey: Guid(eea8201409e64f944be0893d89880fe3) Importer(815301076,1909f56bfc062723c751e8b465ee728b)
Start importing Assets/Resources/Sprites/Questions/19.png using Guid(eea8201409e64f944be0893d89880fe3) Importer(815301076,1909f56bfc062723c751e8b465ee728b)  -> (artifact id: '130a2cd3dc41cae1ad8dfe46b42f3705') in 0.030351 seconds
Number of updated asset objects reloaded before import = 0
Number of asset objects unloaded after import = 3
========================================================================
Received Import Request.
  Time since last request: 0.000040 seconds.
  path: Assets/Resources/Sprites/Questions/21.png
  artifactKey: Guid(a382a617d6a68e948b29fc8545ab454d) Importer(815301076,1909f56bfc062723c751e8b465ee728b)
Start importing Assets/Resources/Sprites/Questions/21.png using Guid(a382a617d6a68e948b29fc8545ab454d) Importer(815301076,1909f56bfc062723c751e8b465ee728b)  -> (artifact id: '8c747aa66fc9d5446cf61977e94ec678') in 0.032729 seconds
Number of updated asset objects reloaded before import = 0
Number of asset objects unloaded after import = 3
Editor requested this worker to shutdown with reason: Scaling down because of idle timeout
TcpMessagingSession - receive error: operation aborted. errorcode: 995, details: Bir iþ parçacýðý çýkýþý veya bir uygulama isteði nedeniyle G/Ç iþlemi iptal edildi.
AssetImportWorker is now disconnected from the server
Process exiting
Exiting without the bug reporter. Application will terminate with return code 0